LinuxPlatformFactory.RegisterBuildPlatforms: UnrealBuildTool.LinuxPlatformSDK has no valid SDK
WindowsPlatformFactory.RegisterBuildPlatforms: UnrealBuildTool.WindowsPlatformSDK using manually installed SDK
ProjectFileGenerator.GenerateProjectFiles: Discovering modules, targets and source code for project...
WindowsPlatform.FindVSInstallDirs: Found Visual Studio installation: C:\Program Files (x86)\Microsoft Visual Studio\2019\Community (Product=Microsoft.VisualStudio.Product.Community, Version=16.7.30523.141, Sort=0)
WindowsPlatform.FindToolChainDirs: Found Visual Studio toolchain: C:\Program Files (x86)\Microsoft Visual Studio\2019\Community\VC\Tools\MSVC\14.27.29110 (Version=14.27.29112)
WindowsPlatform.EnumerateSdkRootDirs: Found Windows 10 SDK root at C:\Program Files (x86)\Windows Kits\10 (1)
WindowsPlatform.EnumerateSdkRootDirs: Found Windows 10 SDK root at C:\Program Files (x86)\Windows Kits\10 (2)
WindowsPlatform.UpdateCachedWindowsSdks: Found Windows 10 SDK version 10.0.18362.0 at C:\Program Files (x86)\Windows Kits\10
WindowsPlatform.UpdateCachedWindowsSdks: Found Universal CRT version 10.0.18362.0 at C:\Program Files (x86)\Windows Kits\10
UnrealBuildTool.Main: ERROR: Could not find NetFxSDK install dir; this will prevent SwarmInterface from installing.  Install a version of .NET Framework SDK at 4.6.0 or higher.
UnrealBuildTool.Main: BuildException: Could not find NetFxSDK install dir; this will prevent SwarmInterface from installing.  Install a version of .NET Framework SDK at 4.6.0 or higher.
UnrealBuildTool.Main:    в UnrealBuildTool.VCEnvironment.SetupEnvironment(UnrealTargetPlatform Platform) в D:\Build\++UE4+Licensee\Sync\Engine\Saved\CsTools\Engine\Source\Programs\UnrealBuildTool\Platform\Windows\VCEnvironment.cs:строка 446
UnrealBuildTool.Main:    в UnrealBuildTool.VCEnvironment..ctor(UnrealTargetPlatform Platform, WindowsCompiler Compiler, DirectoryReference CompilerDir, VersionNumber CompilerVersion, WindowsArchitecture Architecture, WindowsCompiler ToolChain, DirectoryReference ToolChainDir, VersionNumber ToolChainVersion, DirectoryReference WindowsSdkDir, VersionNumber WindowsSdkVersion) в D:\Build\++UE4+Licensee\Sync\Engine\Saved\CsTools\Engine\Source\Programs\UnrealBuildTool\Platform\Windows\VCEnvironment.cs:строка 136
UnrealBuildTool.Main:    в UnrealBuildTool.VCEnvironment.Create(WindowsCompiler Compiler, UnrealTargetPlatform Platform, WindowsArchitecture Architecture, String CompilerVersion, String WindowsSdkVersion, String SuppliedSdkDirectoryForVersion) в D:\Build\++UE4+Licensee\Sync\Engine\Saved\CsTools\Engine\Source\Programs\UnrealBuildTool\Platform\Windows\VCEnvironment.cs:строка 541
UnrealBuildTool.Main:    в UnrealBuildTool.WindowsPlatform.CreateVCEnvironment(TargetRules Target) в D:\Build\++UE4+Licensee\Sync\Engine\Saved\CsTools\Engine\Source\Programs\UnrealBuildTool\Platform\Windows\UEBuildWindows.cs:строка 710
UnrealBuildTool.Main:    в UnrealBuildTool.WindowsPlatform.ValidateTarget(TargetRules Target) в D:\Build\++UE4+Licensee\Sync\Engine\Saved\CsTools\Engine\Source\Programs\UnrealBuildTool\Platform\Windows\UEBuildWindows.cs:строка 792
UnrealBuildTool.Main:    в UnrealBuildTool.RulesAssembly.CreateTargetRulesInstance(String TypeName, TargetInfo TargetInfo) в D:\Build\++UE4+Licensee\Sync\Engine\Saved\CsTools\Engine\Source\Programs\UnrealBuildTool\System\RulesAssembly.cs:строка 568
UnrealBuildTool.Main:    в UnrealBuildTool.RulesAssembly.CreateTargetRules(String TargetName, UnrealTargetPlatform Platform, UnrealTargetConfiguration Configuration, String Architecture, FileReference ProjectFile, CommandLineArguments Arguments) в D:\Build\++UE4+Licensee\Sync\Engine\Saved\CsTools\Engine\Source\Programs\UnrealBuildTool\System\RulesAssembly.cs:строка 628
UnrealBuildTool.Main:    в UnrealBuildTool.ProjectFileGenerator.AddProjectsForAllTargets(PlatformProjectGeneratorCollection PlatformProjectGenerators, List`1 AllGames, List`1 AllTargetFiles, String[] Arguments, ProjectFile& EngineProject, ProjectFile& EnterpriseProject, List`1& GameProjects, Dictionary`2& ProgramProjects) в D:\Build\++UE4+Licensee\Sync\Engine\Saved\CsTools\Engine\Source\Programs\UnrealBuildTool\ProjectFiles\ProjectFileGenerator.cs:строка 2293
UnrealBuildTool.Main:    в UnrealBuildTool.ProjectFileGenerator.GenerateProjectFiles(PlatformProjectGeneratorCollection PlatformProjectGenerators, String[] Arguments) в D:\Build\++UE4+Licensee\Sync\Engine\Saved\CsTools\Engine\Source\Programs\UnrealBuildTool\ProjectFiles\ProjectFileGenerator.cs:строка 753
UnrealBuildTool.Main:    в UnrealBuildTool.GenerateProjectFilesMode.Execute(CommandLineArguments Arguments) в D:\Build\++UE4+Licensee\Sync\Engine\Saved\CsTools\Engine\Source\Programs\UnrealBuildTool\Modes\GenerateProjectFilesMode.cs:строка 198
UnrealBuildTool.Main:    в UnrealBuildTool.UnrealBuildTool.Main(String[] ArgumentsArray) в D:\Build\++UE4+Licensee\Sync\Engine\Saved\CsTools\Engine\Source\Programs\UnrealBuildTool\UnrealBuildTool.cs:строка 550
Timeline.Print: Timeline:
Timeline.Print: 
Timeline.Print: [ 0.000]
Timeline.Print: [ 0.000](+0.228) <unknown>
Timeline.Print: [ 0.228](+0.292) XmlConfig.ReadConfigFiles()
Timeline.Print: [ 0.521](+0.000) SingleInstanceMutex.Acquire()
Timeline.Print: [ 0.521](+0.064) UEBuildPlatform.RegisterPlatforms()
Timeline.Print:   0.521          [ 0.000](+0.037) Initializing InstalledPlatformInfo
Timeline.Print:   0.559          [ 0.038](+0.000) Querying types
Timeline.Print:   0.561          [ 0.040](+0.001) MacPlatformFactory
Timeline.Print:   0.562          [ 0.041](+0.000) TVOSPlatformFactory
Timeline.Print:   0.562          [ 0.041](+0.000) AndroidPlatformFactory
Timeline.Print:   0.563          [ 0.042](+0.000) HoloLensPlatformFactory
Timeline.Print:   0.563          [ 0.042](+0.000) IOSPlatformFactory
Timeline.Print:   0.563          [ 0.042](+0.019) LinuxPlatformFactory
Timeline.Print:   0.583          [ 0.062](+0.000) LuminPlatformFactory
Timeline.Print:   0.583          [ 0.062](+0.002) WindowsPlatformFactory
Timeline.Print: [ 0.586](+0.360) <unknown>
Timeline.Print: [ 0.946](+0.004) Finding engine modules
Timeline.Print: [ 0.950](+0.003) Finding plugin modules
Timeline.Print: [ 0.954](+0.037) <unknown>
Timeline.Print: [ 0.991](+0.000) Finding program modules
Timeline.Print: [ 0.991](+0.000) Finding program targets
Timeline.Print: [ 0.991](+0.113) <unknown>
Timeline.Print: [ 1.105](+0.000) FileMetadataPrefetch.Stop()
Timeline.Print: [ 1.110]
