"../../../Engine/Content/Functions/Engine_MaterialFunctions01/Density/ExponentialDensity.uasset" 0
"../../../Engine/Content/Functions/Engine_MaterialFunctions01/Gradient/RadialGradientExponential.uasset" 1
"../../../../../Documents/GitHub/mse_generating_datasets_for_photogrammetry/proj_v4 4.26/Content/Effects/snow.uasset" 2
"../../../../../Documents/GitHub/mse_generating_datasets_for_photogrammetry/proj_v4 4.26/Content/Effects/Snow_C.uasset" 3
"../../../../../Documents/GitHub/mse_generating_datasets_for_photogrammetry/proj_v4 4.26/Content/Effects/Rain.uasset" 4
"../../../../../Documents/GitHub/mse_generating_datasets_for_photogrammetry/proj_v4 4.26/Content/Effects/Rain_C.uasset" 5
"../../../../../Documents/GitHub/mse_generating_datasets_for_photogrammetry/proj_v4 4.26/Content/ExtendedSettings/triangle.uasset" 6
"../../../../../Documents/GitHub/mse_generating_datasets_for_photogrammetry/proj_v4 4.26/Content/ExtendedSettings/ExtendedSceneSettings.uasset" 7
"../../../../../Documents/GitHub/mse_generating_datasets_for_photogrammetry/proj_v4 4.26/Content/ExtendedSettings/ExtendedCameraSettings.uasset" 8
"../../../../../Documents/GitHub/mse_generating_datasets_for_photogrammetry/proj_v4 4.26/Content/Effects/Snow_B.uasset" 9
"../../../../../Documents/GitHub/mse_generating_datasets_for_photogrammetry/proj_v4 4.26/Content/Effects/Rain_D.uasset" 10
"../../../Engine/Content/EditorBlueprintResources/StandardMacros.uasset" 11
"../../../../../Documents/GitHub/mse_generating_datasets_for_photogrammetry/proj_v4 4.26/Content/Basic/PositionCoordinatesds.uasset" 12
"../../../../../Documents/GitHub/mse_generating_datasets_for_photogrammetry/proj_v4 4.26/Content/Basic/CloseCameraSet.uasset" 13
"../../../../../Documents/GitHub/mse_generating_datasets_for_photogrammetry/proj_v4 4.26/Content/Basic/ViewAngle.uasset" 14
"../../../../../Documents/GitHub/mse_generating_datasets_for_photogrammetry/proj_v4 4.26/Content/Basic/CameraSettings.uasset" 15
"../../../../../Documents/GitHub/mse_generating_datasets_for_photogrammetry/proj_v4 4.26/Content/Basic/CloseSceneSet.uasset" 16
"../../../../../Documents/GitHub/mse_generating_datasets_for_photogrammetry/proj_v4 4.26/Content/Basic/Light.uasset" 17
"../../../../../Documents/GitHub/mse_generating_datasets_for_photogrammetry/proj_v4 4.26/Content/Basic/Precipation.uasset" 18
"../../../../../Documents/GitHub/mse_generating_datasets_for_photogrammetry/proj_v4 4.26/Content/Basic/SceneSetings.uasset" 19
"../../../../../Documents/GitHub/mse_generating_datasets_for_photogrammetry/proj_v4 4.26/Content/Basic/BasicSettings.uasset" 20
"../../../../../Documents/GitHub/mse_generating_datasets_for_photogrammetry/proj_v4 4.26/Content/toolbar_BP/popup_tools.uasset" 21
"../../../../../Documents/GitHub/mse_generating_datasets_for_photogrammetry/proj_v4 4.26/Content/toolbar_BP/popup_help.uasset" 22
"../../../../../Documents/GitHub/mse_generating_datasets_for_photogrammetry/proj_v4 4.26/Content/Meshes/SM_Dummy.uasset" 23
"../../../../../Documents/GitHub/mse_generating_datasets_for_photogrammetry/proj_v4 4.26/Content/Dummy.uasset" 24
"../../../../../Documents/GitHub/mse_generating_datasets_for_photogrammetry/proj_v4 4.26/Content/cottage_textures/cottage_text/cottage_diffuse.uasset" 25
"../../../../../Documents/GitHub/mse_generating_datasets_for_photogrammetry/proj_v4 4.26/Content/cottage_textures/cottage_texture.uasset" 26
"../../../../../Documents/GitHub/mse_generating_datasets_for_photogrammetry/proj_v4 4.26/Content/cottage_textures/Cube_002.uasset" 27
"../../../../../Documents/GitHub/mse_generating_datasets_for_photogrammetry/proj_v4 4.26/Content/Cottage.uasset" 28
"../../../../../Documents/GitHub/mse_generating_datasets_for_photogrammetry/proj_v4 4.26/Content/Basic/Load3Dsettings.uasset" 29
"../../../../../Documents/GitHub/mse_generating_datasets_for_photogrammetry/proj_v4 4.26/Content/toolbar_BP/popup_file.uasset" 30
"../../../../../Documents/GitHub/mse_generating_datasets_for_photogrammetry/proj_v4 4.26/Content/Basic/Toolbar.uasset" 31
"../../../../../Documents/GitHub/mse_generating_datasets_for_photogrammetry/proj_v4 4.26/Content/BP_GameManager.uasset" 32
"../../../../../Documents/GitHub/mse_generating_datasets_for_photogrammetry/proj_v4 4.26/Content/Effects/Rain_B.uasset" 33
"../../../../../Documents/GitHub/mse_generating_datasets_for_photogrammetry/proj_v4 4.26/Content/Effects/Show_B.uasset" 34
"../../../../../Documents/GitHub/mse_generating_datasets_for_photogrammetry/proj_v4 4.26/Content/Meshes/M_GreyB.uasset" 35
"../../../../../Documents/GitHub/mse_generating_datasets_for_photogrammetry/proj_v4 4.26/Content/Meshes/Viewer/SM_Plane.uasset" 36
"../../../Engine/Content/EngineMaterials/T_Default_Material_Grid_N.uasset" 37
"../../../Engine/Content/EngineMaterials/T_Default_Material_Grid_M.uasset" 38
"../../../Engine/Content/Functions/Engine_MaterialFunctions01/Opacity/CameraDepthFade.uasset" 39
"../../../Engine/Content/EngineMaterials/WorldGridMaterial.uasset" 40
"../../../../../Documents/GitHub/mse_generating_datasets_for_photogrammetry/proj_v4 4.26/Content/Meshes/Viewer/SM_SkySphere.uasset" 41
"../../../Engine/Content/ArtTools/RenderToTexture/Meshes/S_1_Unit_Plane.uasset" 42
"../../../Engine/Content/EngineMaterials/DefaultMaterial.uasset" 43
"../../../Engine/Content/BasicShapes/Cone.uasset" 44
"../../../Engine/Content/BasicShapes/Cube.uasset" 45
"../../../Engine/Content/BasicShapes/Sphere.uasset" 46
"../../../Engine/Content/EditorLandscapeResources/DataLayer.uasset" 47
"../../../Engine/Content/EditorLandscapeResources/DefaultAlphaTexture.uasset" 48
"../../../Engine/Content/EditorMaterials/MAT_Groups_Toggle.uasset" 49
"../../../Engine/Content/EditorMaterials/MAT_Groups_Visibility.uasset" 50
"../../../Engine/Content/EditorMaterials/PreviewShadowIndicator.uasset" 51
"../../../Engine/Content/EditorMaterials/PreviewShadowIndicatorMaterial.uasset" 52
"../../../Engine/Content/EditorMaterials/MatineeGroups/MAT_ColorTrack.uasset" 53
"../../../Engine/Content/EditorMaterials/MatineeGroups/MAT_Groups_Anim.uasset" 54
"../../../Engine/Content/EditorMaterials/MatineeGroups/MAT_Groups_AudioMaster.uasset" 55
"../../../Engine/Content/EditorMaterials/MatineeGroups/MAT_Groups_Director.uasset" 56
"../../../Engine/Content/EditorMaterials/MatineeGroups/MAT_Groups_Event.uasset" 57
"../../../Engine/Content/EditorMaterials/MatineeGroups/MAT_Groups_Fade.uasset" 58
"../../../Engine/Content/EditorMaterials/MatineeGroups/MAT_Groups_Float.uasset" 59
"../../../Engine/Content/EditorMaterials/MatineeGroups/MAT_Groups_Move.uasset" 60
"../../../Engine/Content/EditorMaterials/MatineeGroups/MAT_Groups_Slomo.uasset" 61
"../../../Engine/Content/EditorMaterials/MatineeGroups/MAT_Groups_Sound.uasset" 62
"../../../Engine/Content/EditorMaterials/MatineeGroups/MAT_Groups_Vector.uasset" 63
"../../../Engine/Content/EditorMaterials/ParticleSystems/PSysThumbnail_NoImage.uasset" 64
"../../../Engine/Content/EditorMaterials/ParticleSystems/PSysThumbnail_OOD.uasset" 65
"../../../Engine/Content/EditorMaterials/Camera/CineMat.uasset" 66
"../../../Engine/Content/EditorMaterials/Camera/MI_CineMat_Rig.uasset" 67
"../../../Engine/Content/EditorMeshes/Camera/SM_CraneRig_Arm.uasset" 68
"../../../Engine/Content/EditorMeshes/Camera/SM_CraneRig_Base.uasset" 69
"../../../Engine/Content/EditorMeshes/Camera/SM_CraneRig_Body.uasset" 70
"../../../Engine/Content/EditorMeshes/Camera/SM_CraneRig_Mount.uasset" 71
"../../../Engine/Content/EditorMeshes/Camera/SM_RailRig_Mount.uasset" 72
"../../../Engine/Content/EditorMeshes/Camera/SM_RailRig_Track.uasset" 73
"../../../Engine/Content/EditorResources/BSPVertex.uasset" 74
"../../../Engine/Content/EditorResources/EmptyActor.uasset" 75
"../../../Engine/Content/EditorResources/S_Actor.uasset" 76
"../../../Engine/Content/EditorResources/S_Note.uasset" 77
"../../../Engine/Content/EditorResources/S_Solver.uasset" 78
"../../../Engine/Content/EditorResources/S_Terrain.uasset" 79
"../../../Engine/Content/EditorResources/S_Trigger.uasset" 80
"../../../Engine/Content/EditorResources/SequenceRecorder/Countdown.uasset" 81
"../../../Engine/Content/EditorResources/SequenceRecorder/RecordingIndicator.uasset" 82
"../../../Engine/Content/EngineDamageTypes/DmgTypeBP_Environmental.uasset" 83
"../../../Engine/Content/EngineDebugMaterials/DebugEditorMaterial.uasset" 84
"../../../Engine/Content/EngineDebugMaterials/DebugMeshMaterial.uasset" 85
"../../../Engine/Content/EngineDebugMaterials/M_SimpleUnlitTranslucent.uasset" 86
"../../../Engine/Content/EngineDebugMaterials/VolumeToRender.uasset" 87
"../../../Engine/Content/Functions/Engine_MaterialFunctions02/Utility/CameraDirectionVector.uasset" 88
"../../../Engine/Content/EngineDebugMaterials/M_VolumeRenderSphereTracePP.uasset" 89
"../../../Engine/Content/Functions/Engine_MaterialFunctions01/Shading/ConvertFromDiffSpec.uasset" 90
"../../../Engine/Content/EngineDebugMaterials/VertexColorMaterial.uasset" 91
"../../../Engine/Content/EngineDebugMaterials/WireframeMaterial.uasset" 92
"../../../Engine/Content/EngineFonts/Faces/RobotoRegular.uasset" 93
"../../../Engine/Content/EngineFonts/Faces/RobotoLight.uasset" 94
"../../../Engine/Content/EngineFonts/Faces/RobotoItalic.uasset" 95
"../../../Engine/Content/EngineFonts/Faces/RobotoBoldItalic.uasset" 96
"../../../Engine/Content/EngineFonts/Faces/RobotoBold.uasset" 97
"../../../Engine/Content/EngineFonts/Faces/DroidSansFallback.uasset" 98
"../../../Engine/Content/EngineFonts/Roboto.uasset" 99
"../../../Engine/Content/EngineMaterials/BaseFlattenNormalMap.uasset" 100
"../../../Engine/Content/EngineMaterials/BaseFlattenGrayscaleMap.uasset" 101
"../../../Engine/Content/EngineMaterials/BaseFlattenEmissiveMap.uasset" 102
"../../../Engine/Content/EngineMaterials/BaseFlattenDiffuseMap.uasset" 103
"../../../Engine/Content/EngineMaterials/BaseFlattenMaterial.uasset" 104
"../../../Engine/Content/EngineMaterials/BlueNoise.uasset" 105
"../../../Engine/Content/EngineMaterials/DefaultBloomKernel.uasset" 106
"../../../Engine/Content/EngineMaterials/DefaultBokeh.uasset" 107
"../../../Engine/Content/EngineMaterials/DefaultDiffuse.uasset" 108
"../../../Engine/Content/EngineMaterials/DefaultDeferredDecalMaterial.uasset" 109
"../../../Engine/Content/EngineMaterials/DefaultLightFunctionMaterial.uasset" 110
"../../../Engine/Content/EngineMaterials/DefaultPhysicalMaterial.uasset" 111
"../../../Engine/Content/Functions/Engine_MaterialFunctions02/Utility/BreakOutFloat2Components.uasset" 112
"../../../Engine/Content/EngineMaterials/DefaultPostProcessMaterial.uasset" 113
"../../../Engine/Content/EngineFonts/RobotoDistanceField.uasset" 114
"../../../Engine/Content/EngineMaterials/DefaultTextMaterialOpaque.uasset" 115
"../../../Engine/Content/EngineMaterials/DefaultWhiteGrid.uasset" 116
"../../../Engine/Content/EngineMaterials/DefaultWhiteGrid_Low.uasset" 117
"../../../Engine/Content/EngineMaterials/EmissiveMeshMaterial.uasset" 118
"../../../Engine/Content/EngineMaterials/GizmoMaterial.uasset" 119
"../../../Engine/Content/EngineMaterials/Good64x64TilingNoiseHighFreq.uasset" 120
"../../../Engine/Content/EngineMaterials/MiniFont.uasset" 121
"../../../Engine/Content/EngineMaterials/InvalidLightmapSettings.uasset" 122
"../../../Engine/Content/EngineMaterials/M_InvalidLightmapSettings.uasset" 123
"../../../Engine/Content/Functions/Engine_MaterialFunctions02/WorldPositionOffset/CameraOffset.uasset" 124
"../../../Engine/Content/EngineMaterials/PhAT_JointLimitMaterial.uasset" 125
"../../../Engine/Content/EngineMaterials/PreintegratedSkinBRDF.uasset" 126
"../../../Engine/Content/EngineMaterials/RemoveSurfaceMaterial.uasset" 127
"../../../Engine/Content/EngineMaterials/WeightMapPlaceholderTexture.uasset" 128
"../../../Engine/Content/EngineResources/WhiteSquareTexture.uasset" 129
"../../../Engine/Content/EngineMaterials/Widget3DPassThrough.uasset" 130
"../../../Engine/Content/EngineMaterials/Widget3DPassThrough_Masked.uasset" 131
"../../../Engine/Content/EngineMaterials/Widget3DPassThrough_Opaque.uasset" 132
"../../../Engine/Content/EngineMaterials/Widget3DPassThrough_Masked_OneSided.uasset" 133
"../../../Engine/Content/EngineMaterials/Widget3DPassThrough_Opaque_OneSided.uasset" 134
"../../../Engine/Content/EngineMaterials/Widget3DPassThrough_Translucent.uasset" 135
"../../../Engine/Content/EngineMaterials/Widget3DPassThrough_Translucent_OneSided.uasset" 136
"../../../Engine/Content/EngineMeshes/Cylinder.uasset" 137
"../../../Engine/Content/EngineMeshes/Sphere.uasset" 138
"../../../Engine/Content/EngineResources/Black.uasset" 139
"../../../Engine/Content/EngineResources/DefaultTextureCube.uasset" 140
"../../../Engine/Content/EngineResources/DefaultVolumeTexture2D.uasset" 141
"../../../Engine/Content/EngineResources/DefaultVolumeTexture.uasset" 142
"../../../Engine/Content/EngineResources/GradientTexture0.uasset" 143
"../../../Engine/Content/EngineSky/VolumetricClouds/T_NoiseShape64.uasset" 144
"../../../Engine/Content/EngineSky/VolumetricClouds/T_VolumeNoiseShape64.uasset" 145
"../../../Engine/Content/EngineSky/VolumetricClouds/T_NoiseErosion.uasset" 146
"../../../Engine/Content/EngineSky/VolumetricClouds/T_VolumeNoiseErosion32.uasset" 147
"../../../Engine/Content/EngineSky/VolumetricClouds/CloudWeatherTexture.uasset" 148
"../../../Engine/Content/EngineSky/VolumetricClouds/CloudGradientTexture.uasset" 149
"../../../Engine/Content/Functions/Engine_MaterialFunctions02/Utility/MakeFloat2.uasset" 150
"../../../Engine/Content/EngineSky/VolumetricClouds/m_SimpleVolumetricCloud.uasset" 151
"../../../Engine/Content/EngineSky/VolumetricClouds/m_SimpleVolumetricCloud_Inst.uasset" 152
"../../../Engine/Content/EngineSounds/Master.uasset" 153
"../../../Engine/Content/Functions/Engine_MaterialFunctions01/Shading/PowerToRoughness.uasset" 154
"../../../Engine/Content/Maps/Templates/Thumbnails/Default.uasset" 155
"../../../Engine/Content/Maps/Templates/Thumbnails/TimeOfDay.uasset" 156
"../../../Engine/Content/Maps/Templates/Thumbnails/VR-Basic.uasset" 157
"../../../Engine/Content/MobileResources/T_MobileControls_texture.uasset" 158
"../../../Engine/Content/MobileResources/T_MobileMenu2.uasset" 159
"../../../Engine/Content/MobileResources/HUD/AnalogHat.uasset" 160
"../../../Engine/Content/MobileResources/HUD/VirtualJoystick_Thumb.uasset" 161
"../../../Engine/Content/MobileResources/HUD/VirtualJoystick_Background.uasset" 162
"../../../Engine/Content/MobileResources/HUD/DefaultVirtualJoysticks.uasset" 163
"../../../Engine/Content/MobileResources/HUD/LeftVirtualJoystickOnly.uasset" 164
"../../../Engine/Content/MobileResources/HUD/MobileHUDButton1_off.uasset" 165
"../../../Engine/Content/MobileResources/HUD/MobileHUDButton1_on.uasset" 166
"../../../Engine/Content/MobileResources/HUD/MobileHUDButton2_off.uasset" 167
"../../../Engine/Content/MobileResources/HUD/MobileHUDButton2_on.uasset" 168
"../../../Engine/Content/MobileResources/HUD/MobileHUDButton3.uasset" 169
"../../../Engine/Content/MobileResources/HUD/MobileHUDButtonFire.uasset" 170
"../../../Engine/Content/MobileResources/HUD/MobileHUDDirectionPad.uasset" 171
"../../../Engine/Content/MobileResources/HUD/MobileHUDDirectionPad2.uasset" 172
"../../../Engine/Content/MobileResources/HUD/MobileHUDDirectionPad3.uasset" 173
"../../../Engine/Content/MobileResources/HUD/MobileHUDDirectionStick.uasset" 174
"../../../Engine/Content/MobileResources/HUD/T_Castle_ThumbstickInner.uasset" 175
"../../../Engine/Content/MobileResources/HUD/T_Castle_ThumbstickOutter.uasset" 176
"../../../Engine/Content/Tutorial/ContentIntroCurve.uasset" 177
"../../../Engine/Content/Tutorial/Basics/LevelEditorAttract.uasset" 178
"../../../Engine/Content/VREditor/TransformGizmo/TranslucentTransformGizmoMaterial.uasset" 179
"../../../Engine/Content/VREditor/LaserPointer/VR_LaserPower_01.uasset" 180
"../../../Engine/Content/VREditor/TransformGizmo/TransformGizmoMaterial.uasset" 181
"../../../Engine/Content/VREditor/TransformGizmo/BoundingBoxCorner.uasset" 182
"../../../Engine/Content/VREditor/TransformGizmo/BoundingBoxEdge.uasset" 183
"../../../Engine/Content/VREditor/TransformGizmo/PlaneTranslationHandle.uasset" 184
"../../../Engine/Content/VREditor/TransformGizmo/Xray.uasset" 185
"../../../Engine/Content/VREditor/TransformGizmo/Main.uasset" 186
"../../../Engine/Content/VREditor/TransformGizmo/SM_Sequencer_Key.uasset" 187
"../../../Engine/Content/VREditor/TransformGizmo/SM_Sequencer_Node.uasset" 188
"../../Plugins/2D/Paper2D/Content/PlaceholderTextures/DummySpriteTexture.uasset" 189
"../../Plugins/2D/Paper2D/Content/DummySprite.uasset" 190
"../../Plugins/2D/Paper2D/Content/DefaultPaperTerrainMaterial.uasset" 191
"../../Plugins/2D/Paper2D/Content/DefaultSpriteMaterial.uasset" 192
"../../Plugins/2D/Paper2D/Content/MaskedUnlitSpriteMaterial.uasset" 193
"../../Plugins/2D/Paper2D/Content/OpaqueUnlitSpriteMaterial.uasset" 194
"../../../Engine/Content/ArtTools/RenderToTexture/Materials/Debug/M_Emissive_Color.uasset" 195
"../../../Engine/Content/BasicShapes/Cylinder.uasset" 196
"../../Plugins/Lumin/MagicLeapPassableWorld/Content/MagicLeapARPinInfoActor.uasset" 197
"../../Plugins/Editor/SpeedTreeImporter/Content/SpeedTree9/SpeedTreeBillboard.uasset" 198
"../../Plugins/Editor/SpeedTreeImporter/Content/SpeedTree9/game_wind_noise.uasset" 199
"../../../Engine/Content/Functions/Engine_MaterialFunctions02/Utility/BreakOutFloat3Components.uasset" 200
"../../Plugins/Editor/SpeedTreeImporter/Content/SpeedTree9/UnpackInteger3.uasset" 201
"../../Plugins/Editor/SpeedTreeImporter/Content/SpeedTree9/UnpackDirection.uasset" 202
"../../../Engine/Content/Functions/Engine_MaterialFunctions02/SafeNormalize.uasset" 203
"../../Plugins/Editor/SpeedTreeImporter/Content/SpeedTree9/SpeedTreeWindMotion.uasset" 204
"../../Plugins/Editor/SpeedTreeImporter/Content/SpeedTree9/SpeedTreeBranchMotion.uasset" 205
"../../../Engine/Content/Functions/Engine_MaterialFunctions02/ObjectLocalBounds.uasset" 206
"../../../Engine/Content/Functions/Engine_MaterialFunctions02/UVs/BoundingBoxBased_0-1_UVW.uasset" 207
"../../Plugins/Editor/SpeedTreeImporter/Content/SpeedTree9/SpeedTreeWind.uasset" 208
"../../../Engine/Content/EngineResources/DefaultTexture.uasset" 209
"../../Plugins/Editor/SpeedTreeImporter/Content/SpeedTree9/SpeedTreeBillboardMaster.uasset" 210
"../../Plugins/Editor/SpeedTreeImporter/Content/SpeedTree9/SpeedTreeCameraFacing.uasset" 211
"../../Plugins/Editor/SpeedTreeImporter/Content/SpeedTree9/SpeedTreeMaster.uasset" 212
"../../../Engine/Content/BasicShapes/Plane.uasset" 213
"../../../Engine/Content/BasicShapes/BasicShapeMaterial.uasset" 214
"../../../../../Documents/GitHub/mse_generating_datasets_for_photogrammetry/proj_v4 4.26/Content/Maps/StantardScene_BuiltData.uasset" 215
"../../../../../Documents/GitHub/mse_generating_datasets_for_photogrammetry/proj_v4 4.26/Content/Basic/Run.uasset" 216
"../../../../../Documents/GitHub/mse_generating_datasets_for_photogrammetry/proj_v4 4.26/Content/Basic/BP_GameManager.uasset" 217
"../../../../../Documents/GitHub/mse_generating_datasets_for_photogrammetry/proj_v4 4.26/Content/Maps/StantardScene.umap" 218
"../../../Engine/Content/Maps/Entry_BuiltData.uasset" 219
"../../../Engine/Content/Maps/Entry.umap" 220
